2023-09-09 17:12:17,343 [INFO] Activator:178 - 


2023-09-09 17:12:17,345 [INFO] Activator:179 - !SESSION log4j initialized
2023-09-09 17:12:19,868 [INFO] ApplicationProperties:181 - Using Application install path: C:\ST\STM32CubeIDE_1.4.0\STM32CubeIDE\plugins\com.st.stm32cube.common.mx_6.0.0.202007160824
2023-09-09 17:12:19,877 [INFO] DbMcusXml:70 - Set database path to: C:\ST\STM32CubeIDE_1.4.0\STM32CubeIDE\plugins\com.st.stm32cube.common.mx_6.0.0.202007160824\\db\/mcu/
2023-09-09 17:12:19,880 [INFO] DbBoardsPdsc:56 - Set plugin database path to: C:\ST\STM32CubeIDE_1.4.0\STM32CubeIDE\plugins\com.st.stm32cube.common.mx_6.0.0.202007160824\\db\/plugins/boardmanager/
2023-09-09 17:12:19,881 [INFO] DbMcus:258 - Set plugin images path to: C:\ST\STM32CubeIDE_1.4.0\STM32CubeIDE\plugins\com.st.stm32cube.common.mx_6.0.0.202007160824\\db\/plugins/mcufinder/images/
2023-09-09 17:12:19,883 [INFO] DbBoards:264 - Set plugin images path to: C:\ST\STM32CubeIDE_1.4.0\STM32CubeIDE\plugins\com.st.stm32cube.common.mx_6.0.0.202007160824\\db\/plugins/mcufinder/images/
2023-09-09 17:12:19,885 [INFO] DbExamples:326 - Set plugin images path to: C:\ST\STM32CubeIDE_1.4.0\STM32CubeIDE\plugins\com.st.stm32cube.common.mx_6.0.0.202007160824\\db\/plugins/mcufinder/images/
2023-09-09 17:12:19,888 [INFO] DbMcusDocs:112 - Set database path to: C:\Users\Bahaa\.stmcufinder\plugins\mcufinder//mcu/
2023-09-09 17:12:19,890 [INFO] DbMcusJson:63 - Set database path to: C:\Users\Bahaa\.stmcufinder\plugins\mcufinder//mcu/
2023-09-09 17:12:19,891 [INFO] DbBoardsDocs:112 - Set database path to: C:\Users\Bahaa\.stmcufinder\plugins\mcufinder//mcu/
2023-09-09 17:12:19,892 [INFO] DbBoardsJson:56 - Set database path to: C:\Users\Bahaa\.stmcufinder\plugins\mcufinder//mcu/
2023-09-09 17:12:20,395 [INFO] CrossReferenceDbSqlite:196 - Set database path to: C:\Users\Bahaa\.stmcufinder\plugins\mcufinder//mcu/cs/
2023-09-09 17:12:20,399 [INFO] DbExamplesSqlite:800 - Set database path to: C:\Users\Bahaa\.stmcufinder\plugins\mcufinder//mcu/
2023-09-09 17:12:20,488 [INFO] RulesReader:52 - Compatibility file has been processed (209 Rules)
2023-09-09 17:12:20,553 [INFO] MicroXplorer:564 - Detected Java Version = 1.8.0_252
2023-09-09 17:12:20,554 [INFO] DbMcusXml:70 - Set database path to: C:\ST\STM32CubeIDE_1.4.0\STM32CubeIDE\plugins\com.st.stm32cube.common.mx_6.0.0.202007160824\\db\/mcu/
2023-09-09 17:12:20,554 [INFO] DbBoardsPdsc:56 - Set plugin database path to: C:\ST\STM32CubeIDE_1.4.0\STM32CubeIDE\plugins\com.st.stm32cube.common.mx_6.0.0.202007160824\\db\/plugins/boardmanager/
2023-09-09 17:12:20,554 [INFO] DbMcus:258 - Set plugin images path to: C:\ST\STM32CubeIDE_1.4.0\STM32CubeIDE\plugins\com.st.stm32cube.common.mx_6.0.0.202007160824\\db\/plugins/mcufinder/images/
2023-09-09 17:12:20,554 [INFO] DbBoards:264 - Set plugin images path to: C:\ST\STM32CubeIDE_1.4.0\STM32CubeIDE\plugins\com.st.stm32cube.common.mx_6.0.0.202007160824\\db\/plugins/mcufinder/images/
2023-09-09 17:12:20,555 [INFO] DbExamples:326 - Set plugin images path to: C:\ST\STM32CubeIDE_1.4.0\STM32CubeIDE\plugins\com.st.stm32cube.common.mx_6.0.0.202007160824\\db\/plugins/mcufinder/images/
2023-09-09 17:12:20,555 [WARN] DbFile:36 - Overriding database path with different value: C:\Users\Bahaa\.stmcufinder\plugins\mcufinder/ => C:\Users\Bahaa\.stmcufinder\plugins\mcufinder
2023-09-09 17:12:20,555 [INFO] DbMcusDocs:112 - Set database path to: C:\Users\Bahaa\.stmcufinder\plugins\mcufinder//mcu/
2023-09-09 17:12:20,555 [WARN] DbFile:36 - Overriding database path with different value: C:\Users\Bahaa\.stmcufinder\plugins\mcufinder/ => C:\Users\Bahaa\.stmcufinder\plugins\mcufinder
2023-09-09 17:12:20,555 [INFO] DbMcusJson:63 - Set database path to: C:\Users\Bahaa\.stmcufinder\plugins\mcufinder//mcu/
2023-09-09 17:12:20,555 [WARN] DbFile:36 - Overriding database path with different value: C:\Users\Bahaa\.stmcufinder\plugins\mcufinder/ => C:\Users\Bahaa\.stmcufinder\plugins\mcufinder
2023-09-09 17:12:20,555 [INFO] DbBoardsDocs:112 - Set database path to: C:\Users\Bahaa\.stmcufinder\plugins\mcufinder//mcu/
2023-09-09 17:12:20,555 [WARN] DbFile:36 - Overriding database path with different value: C:\Users\Bahaa\.stmcufinder\plugins\mcufinder/ => C:\Users\Bahaa\.stmcufinder\plugins\mcufinder
2023-09-09 17:12:20,555 [INFO] DbBoardsJson:56 - Set database path to: C:\Users\Bahaa\.stmcufinder\plugins\mcufinder//mcu/
2023-09-09 17:12:20,556 [WARN] DbFile:36 - Overriding database path with different value: C:\Users\Bahaa\.stmcufinder\plugins\mcufinder/ => C:\Users\Bahaa\.stmcufinder\plugins\mcufinder
2023-09-09 17:12:20,556 [WARN] DbFile:36 - Overriding database path with different value: C:\Users\Bahaa\.stmcufinder\plugins\mcufinder/ => C:\Users\Bahaa\.stmcufinder\plugins\mcufinder
2023-09-09 17:12:20,556 [INFO] CrossReferenceDbSqlite:196 - Set database path to: C:\Users\Bahaa\.stmcufinder\plugins\mcufinder//mcu/cs/
2023-09-09 17:12:20,556 [WARN] DbFile:36 - Overriding database path with different value: C:\Users\Bahaa\.stmcufinder\plugins\mcufinder/ => C:\Users\Bahaa\.stmcufinder\plugins\mcufinder
2023-09-09 17:12:20,556 [INFO] DbExamplesSqlite:800 - Set database path to: C:\Users\Bahaa\.stmcufinder\plugins\mcufinder//mcu/
2023-09-09 17:12:20,599 [INFO] MainPanel:189 - HeapMemory: 268435456
2023-09-09 17:12:20,639 [INFO] DbMcusXml:70 - Set database path to: C:\ST\STM32CubeIDE_1.4.0\STM32CubeIDE\plugins\com.st.stm32cube.common.mx_6.0.0.202007160824\\db\/mcu/
2023-09-09 17:12:20,640 [INFO] DbBoardsPdsc:56 - Set plugin database path to: C:\ST\STM32CubeIDE_1.4.0\STM32CubeIDE\plugins\com.st.stm32cube.common.mx_6.0.0.202007160824\\db\/plugins/boardmanager/
2023-09-09 17:12:20,640 [INFO] DbMcus:258 - Set plugin images path to: C:\ST\STM32CubeIDE_1.4.0\STM32CubeIDE\plugins\com.st.stm32cube.common.mx_6.0.0.202007160824\\db\/plugins/mcufinder/images/
2023-09-09 17:12:20,640 [INFO] DbBoards:264 - Set plugin images path to: C:\ST\STM32CubeIDE_1.4.0\STM32CubeIDE\plugins\com.st.stm32cube.common.mx_6.0.0.202007160824\\db\/plugins/mcufinder/images/
2023-09-09 17:12:20,640 [INFO] DbExamples:326 - Set plugin images path to: C:\ST\STM32CubeIDE_1.4.0\STM32CubeIDE\plugins\com.st.stm32cube.common.mx_6.0.0.202007160824\\db\/plugins/mcufinder/images/
2023-09-09 17:12:20,640 [WARN] DbFile:36 - Overriding database path with different value: C:\Users\Bahaa\.stmcufinder\plugins\mcufinder/ => C:\Users\Bahaa\.stmcufinder\plugins\mcufinder
2023-09-09 17:12:20,640 [INFO] DbMcusDocs:112 - Set database path to: C:\Users\Bahaa\.stmcufinder\plugins\mcufinder//mcu/
2023-09-09 17:12:20,641 [WARN] DbFile:36 - Overriding database path with different value: C:\Users\Bahaa\.stmcufinder\plugins\mcufinder/ => C:\Users\Bahaa\.stmcufinder\plugins\mcufinder
2023-09-09 17:12:20,641 [INFO] DbMcusJson:63 - Set database path to: C:\Users\Bahaa\.stmcufinder\plugins\mcufinder//mcu/
2023-09-09 17:12:20,641 [WARN] DbFile:36 - Overriding database path with different value: C:\Users\Bahaa\.stmcufinder\plugins\mcufinder/ => C:\Users\Bahaa\.stmcufinder\plugins\mcufinder
2023-09-09 17:12:20,641 [INFO] DbBoardsDocs:112 - Set database path to: C:\Users\Bahaa\.stmcufinder\plugins\mcufinder//mcu/
2023-09-09 17:12:20,641 [WARN] DbFile:36 - Overriding database path with different value: C:\Users\Bahaa\.stmcufinder\plugins\mcufinder/ => C:\Users\Bahaa\.stmcufinder\plugins\mcufinder
2023-09-09 17:12:20,641 [INFO] DbBoardsJson:56 - Set database path to: C:\Users\Bahaa\.stmcufinder\plugins\mcufinder//mcu/
2023-09-09 17:12:20,641 [WARN] DbFile:36 - Overriding database path with different value: C:\Users\Bahaa\.stmcufinder\plugins\mcufinder/ => C:\Users\Bahaa\.stmcufinder\plugins\mcufinder
2023-09-09 17:12:20,641 [WARN] DbFile:36 - Overriding database path with different value: C:\Users\Bahaa\.stmcufinder\plugins\mcufinder/ => C:\Users\Bahaa\.stmcufinder\plugins\mcufinder
2023-09-09 17:12:20,641 [INFO] CrossReferenceDbSqlite:196 - Set database path to: C:\Users\Bahaa\.stmcufinder\plugins\mcufinder//mcu/cs/
2023-09-09 17:12:20,642 [WARN] DbFile:36 - Overriding database path with different value: C:\Users\Bahaa\.stmcufinder\plugins\mcufinder/ => C:\Users\Bahaa\.stmcufinder\plugins\mcufinder
2023-09-09 17:12:20,642 [INFO] DbExamplesSqlite:800 - Set database path to: C:\Users\Bahaa\.stmcufinder\plugins\mcufinder//mcu/
2023-09-09 17:12:20,653 [INFO] ApplicationProperties:181 - Using Application install path: C:\ST\STM32CubeIDE_1.4.0\STM32CubeIDE\plugins\com.st.stm32cube.common.mx_6.0.0.202007160824
2023-09-09 17:12:20,654 [INFO] PluginManage:178 - Search for loadable plugins [exclusion list=, ]
2023-09-09 17:12:20,655 [INFO] PluginManage:292 - Check plugin analytics
2023-09-09 17:12:25,964 [INFO] AnalyticsPlugin:203 - Accepted Software Licenses: 
2023-09-09 17:12:25,965 [INFO] AnalyticsPlugin:205 - Accepted CMSIS Pack Licenses: 
2023-09-09 17:12:25,965 [INFO] AnalyticsPlugin:207 - Accepted Firmware Licenses: 
2023-09-09 17:12:25,966 [INFO] PluginManage:342 - Loaded plugin analytics (category:tool,tabindex:-1)
2023-09-09 17:12:25,966 [INFO] PluginManage:292 - Check plugin clock
2023-09-09 17:12:25,978 [INFO] PluginManage:342 - Loaded plugin clock (category:base,tabindex:2)
2023-09-09 17:12:25,979 [INFO] PluginManage:292 - Check plugin ddr
2023-09-09 17:12:25,980 [INFO] PluginManage:342 - Loaded plugin ddr (category:tool,tabindex:6)
2023-09-09 17:12:25,980 [INFO] PluginManage:292 - Check plugin filemanager
2023-09-09 17:12:26,099 [INFO] PluginManage:342 - Loaded plugin filemanager (category:base,tabindex:10)
2023-09-09 17:12:26,099 [INFO] PluginManage:292 - Check plugin ipmanager
2023-09-09 17:12:26,106 [INFO] PluginManage:342 - Loaded plugin ipmanager (category:base,tabindex:5)
2023-09-09 17:12:26,106 [INFO] PluginManage:292 - Check plugin pinoutandconfiguration
2023-09-09 17:12:26,114 [INFO] PluginManage:342 - Loaded plugin pinoutandconfiguration (category:base,tabindex:1)
2023-09-09 17:12:26,114 [INFO] PluginManage:292 - Check plugin pinoutconfig
2023-09-09 17:12:26,135 [INFO] PluginManage:342 - Loaded plugin pinoutconfig (category:base,tabindex:0)
2023-09-09 17:12:26,135 [INFO] PluginManage:292 - Check plugin power
2023-09-09 17:12:26,142 [INFO] PluginManage:342 - Loaded plugin power (category:power,tabindex:4)
2023-09-09 17:12:26,142 [INFO] PluginManage:292 - Check plugin projectmanager
2023-09-09 17:12:26,157 [INFO] PluginManage:342 - Loaded plugin projectmanager (category:projectmanager,tabindex:3)
2023-09-09 17:12:26,157 [INFO] PluginManage:292 - Check plugin thirdparty
2023-09-09 17:12:26,287 [INFO] ThirdPartyDb:333 - Open Third Party DataBase File (C:/Users/Bahaa/.stm32cubemx/plugins/thirdparty/db/thirdparties_db.xml) : 32 ms. number of Sw pack : 49
2023-09-09 17:12:26,291 [INFO] PluginManage:342 - Loaded plugin thirdparty (category:base,tabindex:-1)
2023-09-09 17:12:26,291 [INFO] PluginManage:292 - Check plugin tools
2023-09-09 17:12:26,293 [INFO] PluginManage:342 - Loaded plugin tools (category:base,tabindex:7)
2023-09-09 17:12:26,293 [INFO] PluginManage:292 - Check plugin tutovideos
2023-09-09 17:12:26,461 [INFO] PluginManage:342 - Loaded plugin tutovideos (category:base,tabindex:-1)
2023-09-09 17:12:26,461 [INFO] PluginManage:292 - Check plugin updater
2023-09-09 17:12:26,472 [INFO] PluginManage:342 - Loaded plugin updater (category:base,tabindex:12)
2023-09-09 17:12:26,473 [INFO] PluginManage:265 - PluginManage : Loaded plugins [13]
2023-09-09 17:12:26,593 [INFO] PinOutPanel:1418 - setPackage(No Configuration,No Configuration)
2023-09-09 17:12:26,681 [INFO] IPUIPlugin:64 - create IPUIPlugin
2023-09-09 17:12:26,681 [INFO] PluginManager:200 - loadIPPluginJar : add adc
2023-09-09 17:12:26,685 [INFO] IPUIPlugin:64 - create IPUIPlugin
2023-09-09 17:12:26,685 [INFO] PluginManager:200 - loadIPPluginJar : add aes
2023-09-09 17:12:26,688 [INFO] IPUIPlugin:64 - create IPUIPlugin
2023-09-09 17:12:26,688 [INFO] PluginManager:200 - loadIPPluginJar : add can
2023-09-09 17:12:26,689 [INFO] IPUIPlugin:64 - create IPUIPlugin
2023-09-09 17:12:26,689 [INFO] PluginManager:200 - loadIPPluginJar : add comp
2023-09-09 17:12:26,691 [INFO] IPUIPlugin:64 - create IPUIPlugin
2023-09-09 17:12:26,691 [INFO] PluginManager:200 - loadIPPluginJar : add cryp
2023-09-09 17:12:26,693 [INFO] IPUIPlugin:64 - create IPUIPlugin
2023-09-09 17:12:26,693 [INFO] PluginManager:200 - loadIPPluginJar : add dfsdm
2023-09-09 17:12:26,697 [INFO] IPUIPlugin:64 - create IPUIPlugin
2023-09-09 17:12:26,698 [INFO] PluginManager:200 - loadIPPluginJar : add dma
2023-09-09 17:12:26,699 [INFO] IPUIPlugin:64 - create IPUIPlugin
2023-09-09 17:12:26,699 [INFO] PluginManager:200 - loadIPPluginJar : add fatfs
2023-09-09 17:12:26,702 [INFO] IPUIPlugin:64 - create IPUIPlugin
2023-09-09 17:12:26,702 [INFO] PluginManager:200 - loadIPPluginJar : add fmc
2023-09-09 17:12:26,707 [INFO] IPUIPlugin:64 - create IPUIPlugin
2023-09-09 17:12:26,707 [INFO] PluginManager:200 - loadIPPluginJar : add freertos
2023-09-09 17:12:26,709 [INFO] IPUIPlugin:64 - create IPUIPlugin
2023-09-09 17:12:26,709 [INFO] PluginManager:200 - loadIPPluginJar : add genericplugin
2023-09-09 17:12:26,711 [INFO] IPUIPlugin:64 - create IPUIPlugin
2023-09-09 17:12:26,711 [INFO] PluginManager:200 - loadIPPluginJar : add gfxmmu
2023-09-09 17:12:26,715 [INFO] IPUIPlugin:64 - create IPUIPlugin
2023-09-09 17:12:26,715 [INFO] PluginManager:200 - loadIPPluginJar : add gic
2023-09-09 17:12:26,718 [INFO] IPUIPlugin:64 - create IPUIPlugin
2023-09-09 17:12:26,719 [INFO] PluginManager:200 - loadIPPluginJar : add gpio
2023-09-09 17:12:26,721 [INFO] IPUIPlugin:64 - create IPUIPlugin
2023-09-09 17:12:26,721 [INFO] PluginManager:200 - loadIPPluginJar : add gtzc
2023-09-09 17:12:26,723 [INFO] IPUIPlugin:64 - create IPUIPlugin
2023-09-09 17:12:26,723 [INFO] PluginManager:200 - loadIPPluginJar : add hash
2023-09-09 17:12:26,725 [INFO] IPUIPlugin:64 - create IPUIPlugin
2023-09-09 17:12:26,726 [INFO] PluginManager:200 - loadIPPluginJar : add i2c
2023-09-09 17:12:26,727 [INFO] IPUIPlugin:64 - create IPUIPlugin
2023-09-09 17:12:26,728 [INFO] PluginManager:200 - loadIPPluginJar : add i2s
2023-09-09 17:12:26,730 [INFO] IPUIPlugin:64 - create IPUIPlugin
2023-09-09 17:12:26,730 [INFO] PluginManager:200 - loadIPPluginJar : add ipddr
2023-09-09 17:12:26,731 [INFO] IPUIPlugin:64 - create IPUIPlugin
2023-09-09 17:12:26,731 [INFO] PluginManager:200 - loadIPPluginJar : add ltdc
2023-09-09 17:12:26,734 [INFO] IPUIPlugin:64 - create IPUIPlugin
2023-09-09 17:12:26,735 [INFO] PluginManager:200 - loadIPPluginJar : add mdma
2023-09-09 17:12:26,737 [INFO] IPUIPlugin:64 - create IPUIPlugin
2023-09-09 17:12:26,738 [INFO] PluginManager:200 - loadIPPluginJar : add nvic
2023-09-09 17:12:26,746 [INFO] IPUIPlugin:64 - create IPUIPlugin
2023-09-09 17:12:26,746 [INFO] PluginManager:200 - loadIPPluginJar : add opamp
2023-09-09 17:12:26,748 [INFO] IPUIPlugin:64 - create IPUIPlugin
2023-09-09 17:12:26,748 [INFO] PluginManager:200 - loadIPPluginJar : add openamp
2023-09-09 17:12:26,750 [INFO] IPUIPlugin:64 - create IPUIPlugin
2023-09-09 17:12:26,750 [INFO] PluginManager:200 - loadIPPluginJar : add pdm2pcm
2023-09-09 17:12:26,754 [INFO] IPUIPlugin:64 - create IPUIPlugin
2023-09-09 17:12:26,757 [INFO] PluginManager:200 - loadIPPluginJar : add plateformsettings
2023-09-09 17:12:26,758 [INFO] IPUIPlugin:64 - create IPUIPlugin
2023-09-09 17:12:26,758 [INFO] PluginManager:200 - loadIPPluginJar : add quadspi
2023-09-09 17:12:26,760 [INFO] IPUIPlugin:64 - create IPUIPlugin
2023-09-09 17:12:26,761 [INFO] PluginManager:200 - loadIPPluginJar : add resmgrutility
2023-09-09 17:12:26,764 [INFO] IPUIPlugin:64 - create IPUIPlugin
2023-09-09 17:12:26,765 [INFO] PluginManager:200 - loadIPPluginJar : add sai
2023-09-09 17:12:26,766 [INFO] IPUIPlugin:64 - create IPUIPlugin
2023-09-09 17:12:26,766 [INFO] PluginManager:200 - loadIPPluginJar : add spi
2023-09-09 17:12:26,769 [INFO] IPUIPlugin:64 - create IPUIPlugin
2023-09-09 17:12:26,769 [INFO] PluginManager:200 - loadIPPluginJar : add stm32_wpan
2023-09-09 17:12:26,771 [INFO] IPUIPlugin:64 - create IPUIPlugin
2023-09-09 17:12:26,771 [INFO] PluginManager:200 - loadIPPluginJar : add tim
2023-09-09 17:12:26,773 [INFO] IPUIPlugin:64 - create IPUIPlugin
2023-09-09 17:12:26,774 [INFO] PluginManager:200 - loadIPPluginJar : add touchsensing
2023-09-09 17:12:26,775 [INFO] IPUIPlugin:64 - create IPUIPlugin
2023-09-09 17:12:26,775 [INFO] PluginManager:200 - loadIPPluginJar : add tracer_emb
2023-09-09 17:12:26,777 [INFO] IPUIPlugin:64 - create IPUIPlugin
2023-09-09 17:12:26,777 [INFO] PluginManager:200 - loadIPPluginJar : add ts
2023-09-09 17:12:26,778 [INFO] IPUIPlugin:64 - create IPUIPlugin
2023-09-09 17:12:26,778 [INFO] PluginManager:200 - loadIPPluginJar : add tsc
2023-09-09 17:12:26,780 [INFO] IPUIPlugin:64 - create IPUIPlugin
2023-09-09 17:12:26,780 [INFO] PluginManager:200 - loadIPPluginJar : add ucpd
2023-09-09 17:12:26,782 [INFO] IPUIPlugin:64 - create IPUIPlugin
2023-09-09 17:12:26,782 [INFO] PluginManager:200 - loadIPPluginJar : add usart
2023-09-09 17:12:27,464 [INFO] CubeProgrammer:457 - [DDR PANEL] - PathOfProgrammer: null
2023-09-09 17:12:28,019 [FATAL] Updater:282 - Updater called before beeing initialized
2023-09-09 17:12:28,132 [FATAL] Updater:282 - Updater called before beeing initialized
2023-09-09 17:12:28,132 [WARN] ThirdParty:775 - waiting for thirdparty lock release [close project]
2023-09-09 17:12:28,132 [INFO] ThirdParty:777 - entering critical section [close project]
2023-09-09 17:12:28,133 [INFO] ThirdParty:790 - exiting critical section [close project]
2023-09-09 17:12:28,135 [INFO] PinOutPanel:1418 - setPackage(No Configuration,No Configuration)
2023-09-09 17:12:28,135 [FATAL] Updater:282 - Updater called before beeing initialized
2023-09-09 17:12:28,139 [ERROR] Updater:967 - MainUpdater not yet initialized. External WinMGr cannot be set.
2023-09-09 17:12:28,140 [INFO] CubeProgrammer:457 - [DDR PANEL] - PathOfProgrammer: C:\ST\STM32CubeIDE_1.4.0\STM32CubeIDE\plugins\com.st.stm32cube.ide.mcu.externaltools.cubeprogrammer.win32_1.4.0.202007081208\tools\bin
2023-09-09 17:12:28,143 [INFO] ProgrammerExecThread:148 - [ProgrammerAPI] CubeProgrammer command construction: C:\ST\STM32CubeIDE_1.4.0\STM32CubeIDE\plugins\com.st.stm32cube.ide.mcu.externaltools.cubeprogrammer.win32_1.4.0.202007081208\tools\bin\STM32_Programmer_CLI.exe -l
2023-09-09 17:12:28,249 [INFO] MainDdrPanel:49 - [DDR PANEL] SETTER - Set cubeProgrammerPath to: C:\ST\STM32CubeIDE_1.4.0\STM32CubeIDE\plugins\com.st.stm32cube.ide.mcu.externaltools.cubeprogrammer.win32_1.4.0.202007081208\tools\bin
2023-09-09 17:12:28,342 [INFO] Updater:904 - Updater Version found : 6.0.0
2023-09-09 17:12:28,355 [INFO] ApplicationProperties:181 - Using Application install path: C:\ST\STM32CubeIDE_1.4.0\STM32CubeIDE\plugins\com.st.stm32cube.common.mx_6.0.0.202007160824
2023-09-09 17:12:28,786 [INFO] MainUpdater:2268 - connection check result : 10
2023-09-09 17:12:28,787 [INFO] MainUpdater:239 - Updater Check For Update Now.
2023-09-09 17:12:28,788 [INFO] MicroXplorer:414 - Change Database Version : DB.6.0.0
2023-09-09 17:12:28,840 [INFO] CheckServerUpdateThread:102 - End of CheckServer Thread
2023-09-09 17:12:28,908 [INFO] MainUpdater:2268 - connection check result : 10
2023-09-09 17:12:29,089 [INFO] McuFinderGlobals:40 - Set McuFinder mode to 2 (CubeIDE integrated)
2023-09-09 17:12:29,202 [INFO] CrossSelectorPresenter:1330 - Cross Selector saved comparison directory: C:\Users\Bahaa\.stmcufinder\plugins\mcufinder\mcu\cs_comparisons_mx
2023-09-09 17:12:29,208 [INFO] MultiScanPanel:193 - Auto-refresh data requested => check proxy status ongoing
2023-09-09 17:12:29,222 [INFO] FinderPluginLoader:87 - Searching for filters in installed packs
2023-09-09 17:12:29,223 [INFO] DbMcusXml:100 - Load MCU database from C:\ST\STM32CubeIDE_1.4.0\STM32CubeIDE\plugins\com.st.stm32cube.common.mx_6.0.0.202007160824\\db\/mcu/families.xml
2023-09-09 17:12:29,300 [WARN] IntegrityCheckThread:61 - waiting for thirdparty lock release [integrity check]
2023-09-09 17:12:29,300 [INFO] IntegrityCheckThread:63 - entering critical section [integrity check]
2023-09-09 17:12:29,729 [INFO] ThirdPartyDb:299 - Save Third Party DataBase File (C:/Users/Bahaa/.stm32cubemx/plugins/thirdparty/db/thirdparties_db.xml) [forced]
2023-09-09 17:12:29,817 [INFO] ThirdPartyDb:299 - Save Third Party DataBase File (C:/Users/Bahaa/.stm32cubemx/plugins/thirdparty/db/thirdparties_db.xml) [forced]
2023-09-09 17:12:29,892 [INFO] IntegrityCheckThread:76 - exiting critical section [integrity check]
2023-09-09 17:12:29,892 [INFO] IntegrityCheckThread:79 - End integrity checks thread
2023-09-09 17:12:30,049 [INFO] DbMcusJson:92 - JSON generation date=Tue Nov 16 18:17:54 EET 2021 (1637079474)
2023-09-09 17:12:30,683 [INFO] DbMcus:175 - Found 1761 MCUs (1722 are supported by CubeMX, 1911 are visible in CubeMX)
2023-09-09 17:12:30,683 [INFO] ApiDb:201 - Load user favorites file C:\Users\Bahaa/.stm32cubeide/favorites.mcus.txt: 0 item(s)
2023-09-09 17:12:30,683 [INFO] ApiDb:205 - User favorites MCUs=[]
2023-09-09 17:12:30,683 [INFO] DbMcus:187 - Set 0 / 0 favorites MCUs
2023-09-09 17:12:31,026 [INFO] LoadUrlFilesThread:162 - End of LoadServerUrlFiles without Thread
2023-09-09 17:12:31,033 [INFO] DetailPanel:331 - Set advertising image to C:/Users/Bahaa/STM32Cube/Repository/\stm32cubemx-promo_image.jpg
2023-09-09 17:12:31,251 [INFO] McuFilterPanel:245 - Update 0 favorites MCUs
2023-09-09 17:12:31,312 [INFO] DbBoardsPdsc:94 - Found 23 items
2023-09-09 17:12:31,313 [INFO] DbBoardsPdsc:94 - Found 9 items
2023-09-09 17:12:31,315 [INFO] DbBoardsPdsc:94 - Found 29 items
2023-09-09 17:12:31,316 [INFO] DbBoardsPdsc:94 - Found 1 items
2023-09-09 17:12:31,320 [INFO] DbBoardsPdsc:94 - Found 44 items
2023-09-09 17:12:31,323 [INFO] DbBoardsPdsc:94 - Found 40 items
2023-09-09 17:12:31,324 [INFO] DbBoardsPdsc:94 - Found 2 items
2023-09-09 17:12:31,325 [INFO] DbBoardsPdsc:94 - Found 4 items
2023-09-09 17:12:31,330 [WARN] DbBoardsPdsc:258 - Board STM32H7B3I-DK: unknown feature type=Audio, name=, username=Audio stereo codec with Headphone Amp (CS42L51-CNZ), n=1
2023-09-09 17:12:31,330 [WARN] DbBoardsPdsc:258 - Board STM32H735G-DK: unknown feature type=Audio, name=, username=Audio stereo codec with Headphone Amp (WM8994ECS/R), n=1
2023-09-09 17:12:31,331 [WARN] DbBoardsPdsc:258 - Board STM32H7B3I-EVAL: unknown feature type=Audio, name=, username=Multi-Channel Audio Codec (CS42L51-CNZ), n=1
2023-09-09 17:12:31,331 [WARN] DbBoardsPdsc:258 - Board STM32H7B3I-EVAL: unknown feature type=Meter, name=, username=Power-metering and Temperature-monitoring with sigma-delta modulators, n=1
2023-09-09 17:12:31,331 [WARN] DbBoardsPdsc:258 - Board STM32H7B3I-EVAL: unknown feature type=Motor, name=, username=Motor Control, n=1
2023-09-09 17:12:31,365 [INFO] DbBoardsJson:85 - JSON generation date=Tue Nov 16 18:17:54 EET 2021 (1637079474)
2023-09-09 17:12:31,371 [INFO] DbBoards:117 - Found 166 boards (149 are supported by CubeMX)
2023-09-09 17:12:31,374 [INFO] DbBoardsDocs:145 - JSON generation date=Tue Nov 16 18:17:54 EET 2021 (1637079474)
2023-09-09 17:12:31,380 [INFO] DbBoardsDocs:81 - Found 209 boards documents
2023-09-09 17:12:31,380 [WARN] DbBoards:127 - board B-L475E-IOT01A2 has no document id list !
2023-09-09 17:12:31,381 [WARN] DbBoards:127 - board NUCLEO-H743ZI has no document id list !
2023-09-09 17:12:31,383 [WARN] DbBoards:127 - board P-NUCLEO-WB55-Nucleo has no document id list !
2023-09-09 17:12:31,383 [WARN] DbBoards:127 - board P-NUCLEO-WB55-USBDongle has no document id list !
2023-09-09 17:12:31,383 [WARN] DbBoards:127 - board STEVAL-BFA001V1B has no document id list !
2023-09-09 17:12:31,383 [WARN] DbBoards:127 - board STEVAL-BFA001V2B has no document id list !
2023-09-09 17:12:31,383 [WARN] DbBoards:127 - board STEVAL-IDP005V1 has no document id list !
2023-09-09 17:12:31,383 [WARN] DbBoards:127 - board STEVAL-IDP005V2 has no document id list !
2023-09-09 17:12:31,383 [WARN] DbBoards:127 - board STEVAL-MKSBOX1V1 has no document id list !
2023-09-09 17:12:31,383 [WARN] DbBoards:127 - board STEVAL-STWINKT1 has no document id list !
2023-09-09 17:12:31,384 [WARN] DbBoards:127 - board STEVAL-STWINKT1B has no document id list !
2023-09-09 17:12:31,384 [WARN] DbBoards:127 - board STM32439I-EVAL2 has no document id list !
2023-09-09 17:12:31,384 [WARN] DbBoards:127 - board STM32F401C-DISCO has no document id list !
2023-09-09 17:12:31,385 [WARN] DbBoards:127 - board STM32F769I-DISC1 has no document id list !
2023-09-09 17:12:31,385 [WARN] DbBoards:127 - board STM32G474E-EVAL1 has no document id list !
2023-09-09 17:12:31,385 [WARN] DbBoards:127 - board STM32H743I-EVAL2 has no document id list !
2023-09-09 17:12:31,386 [WARN] DbBoards:127 - board STM32H747I-DISC1 has no document id list !
2023-09-09 17:12:31,386 [WARN] DbBoards:127 - board STM32H753I-EVAL2 has no document id list !
2023-09-09 17:12:31,386 [WARN] DbBoards:127 - board STM32L-DISCOVERY has no document id list !
2023-09-09 17:12:31,472 [ERROR] DbBoards:189 - Image file not found for board B-L462E-CELL1: C:\ST\STM32CubeIDE_1.4.0\STM32CubeIDE\plugins\com.st.stm32cube.common.mx_6.0.0.202007160824\\db\/plugins/mcufinder/images/boards/B-L462E-CELL1_small.jpg
2023-09-09 17:12:31,521 [ERROR] DbBoards:189 - Image file not found for board B-U585I-IOT02A: C:\ST\STM32CubeIDE_1.4.0\STM32CubeIDE\plugins\com.st.stm32cube.common.mx_6.0.0.202007160824\\db\/plugins/mcufinder/images/boards/B-U585I-IOT02A_small.jpg
2023-09-09 17:12:31,585 [ERROR] DbBoards:189 - Image file not found for board NUCLEO-F413ZH: C:\ST\STM32CubeIDE_1.4.0\STM32CubeIDE\plugins\com.st.stm32cube.common.mx_6.0.0.202007160824\\db\/plugins/mcufinder/images/boards/nucleo-f413zh_small.jpg
2023-09-09 17:12:31,699 [ERROR] DbBoards:189 - Image file not found for board NUCLEO-L552ZE-Q: C:\ST\STM32CubeIDE_1.4.0\STM32CubeIDE\plugins\com.st.stm32cube.common.mx_6.0.0.202007160824\\db\/plugins/mcufinder/images/boards/nucleo_l552ze_q_small.jpg
2023-09-09 17:12:31,699 [ERROR] DbBoards:189 - Image file not found for board NUCLEO-U575ZI-Q: C:\ST\STM32CubeIDE_1.4.0\STM32CubeIDE\plugins\com.st.stm32cube.common.mx_6.0.0.202007160824\\db\/plugins/mcufinder/images/boards/nucleo-u575zi-q_small.jpg
2023-09-09 17:12:31,699 [ERROR] DbBoards:189 - Image file not found for board NUCLEO-WB15CC: C:\ST\STM32CubeIDE_1.4.0\STM32CubeIDE\plugins\com.st.stm32cube.common.mx_6.0.0.202007160824\\db\/plugins/mcufinder/images/boards/nucleo-wb15cc_small.jpg
2023-09-09 17:12:31,699 [ERROR] DbBoards:189 - Image file not found for board NUCLEO-WB55RG: C:\ST\STM32CubeIDE_1.4.0\STM32CubeIDE\plugins\com.st.stm32cube.common.mx_6.0.0.202007160824\\db\/plugins/mcufinder/images/boards/nucleo-wb55rg_small.jpg
2023-09-09 17:12:31,699 [ERROR] DbBoards:189 - Image file not found for board NUCLEO-WL55JC: C:\ST\STM32CubeIDE_1.4.0\STM32CubeIDE\plugins\com.st.stm32cube.common.mx_6.0.0.202007160824\\db\/plugins/mcufinder/images/boards/nucleo-wl55jc-small.jpg
2023-09-09 17:12:31,832 [ERROR] DbBoards:189 - Image file not found for board STEVAL-STWINKT1B: C:\ST\STM32CubeIDE_1.4.0\STM32CubeIDE\plugins\com.st.stm32cube.common.mx_6.0.0.202007160824\\db\/plugins/mcufinder/images/boards/steval-stwinkt1b_small.jpg
2023-09-09 17:12:32,103 [ERROR] DbBoards:189 - Image file not found for board STM32G0C1E-EV: C:\ST\STM32CubeIDE_1.4.0\STM32CubeIDE\plugins\com.st.stm32cube.common.mx_6.0.0.202007160824\\db\/plugins/mcufinder/images/boards/stm32g0c1e-eval_small.jpg
2023-09-09 17:12:32,182 [ERROR] DbBoards:189 - Image file not found for board STM32H7B3I-EVAL: C:\ST\STM32CubeIDE_1.4.0\STM32CubeIDE\plugins\com.st.stm32cube.common.mx_6.0.0.202007160824\\db\/plugins/mcufinder/images/boards/stm32h7b3ieval_small.jpg
2023-09-09 17:12:32,342 [ERROR] DbBoards:189 - Image file not found for board STM32U575I-EV: C:\ST\STM32CubeIDE_1.4.0\STM32CubeIDE\plugins\com.st.stm32cube.common.mx_6.0.0.202007160824\\db\/plugins/mcufinder/images/boards/stm32u575i-ev_small.jpg
2023-09-09 17:12:32,370 [ERROR] DbBoards:189 - Image file not found for board STM32WB5MM-DK: C:\ST\STM32CubeIDE_1.4.0\STM32CubeIDE\plugins\com.st.stm32cube.common.mx_6.0.0.202007160824\\db\/plugins/mcufinder/images/boards/STM32WB5MM-DK_small.jpg
2023-09-09 17:12:32,371 [INFO] ApiDb:201 - Load user favorites file C:\Users\Bahaa/.stm32cubeide/favorites.boards.txt: 0 item(s)
2023-09-09 17:12:32,371 [INFO] ApiDb:205 - User favorites Boards=[]
2023-09-09 17:12:32,371 [INFO] DbBoards:206 - Set 0 / 0 favorites Boards
2023-09-09 17:12:47,064 [INFO] DbMcusDocs:145 - JSON generation date=Tue Nov 16 18:17:54 EET 2021 (1637079474)
2023-09-09 17:12:47,278 [INFO] DbMcusDocs:81 - Found 682 MCUs documents
2023-09-09 17:13:03,494 [INFO] LogOutputStream:76 - [STDOUT_REDIRECT] withoutVersionV1.8.4
2023-09-09 17:13:03,495 [INFO] LogOutputStream:76 - [STDOUT_REDIRECT] withoutVersionV1.8.3
2023-09-09 17:13:03,495 [INFO] LogOutputStream:76 - [STDOUT_REDIRECT] withoutVersionV1.8.2
2023-09-09 17:13:03,496 [INFO] LogOutputStream:76 - [STDOUT_REDIRECT] withoutVersionV1.8.1
2023-09-09 17:13:03,496 [INFO] LogOutputStream:76 - [STDOUT_REDIRECT] withoutVersionV1.8.0
2023-09-09 17:13:06,837 [INFO] ApiDb:226 - Save user favorites file C:\Users\Bahaa/.stm32cubeide/favorites.mcus.txt: 0 item(s)
2023-09-09 17:13:06,838 [INFO] ApiDb:230 - User favorites MCUs=[]
2023-09-09 17:13:46,614 [INFO] RetryExec:97 - I/O exception (org.apache.http.NoHttpResponseException) caught when processing request to {s}->https://download.eclipse.org:443: The target server failed to respond
2023-09-09 17:13:46,617 [INFO] RetryExec:113 - Retrying request to {s}->https://download.eclipse.org:443
2023-09-09 17:13:47,373 [INFO] RetryExec:97 - I/O exception (org.apache.http.NoHttpResponseException) caught when processing request to {s}->https://archive.eclipse.org:443: The target server failed to respond
2023-09-09 17:13:47,374 [INFO] RetryExec:113 - Retrying request to {s}->https://archive.eclipse.org:443
2023-09-09 17:22:20,865 [INFO] MainUpdater:2268 - connection check result : 10
2023-09-09 17:22:20,936 [INFO] McuFinderGlobals:40 - Set McuFinder mode to 2 (CubeIDE integrated)
2023-09-09 17:22:20,982 [INFO] CrossSelectorPresenter:1330 - Cross Selector saved comparison directory: C:\Users\Bahaa\.stmcufinder\plugins\mcufinder\mcu\cs_comparisons_mx
2023-09-09 17:22:20,983 [INFO] MultiScanPanel:193 - Auto-refresh data requested => check proxy status ongoing
2023-09-09 17:22:20,983 [INFO] FinderPluginLoader:87 - Searching for filters in installed packs
2023-09-09 17:22:21,103 [INFO] LoadUrlFilesThread:162 - End of LoadServerUrlFiles without Thread
2023-09-09 17:22:21,104 [INFO] DetailPanel:331 - Set advertising image to C:/Users/Bahaa/STM32Cube/Repository/\stm32cubemx-promo_image.jpg
2023-09-09 17:22:21,268 [INFO] McuFilterPanel:245 - Update 0 favorites MCUs
2023-09-09 17:22:43,646 [INFO] LogOutputStream:76 - [STDOUT_REDIRECT] withoutVersionV1.8.4
2023-09-09 17:22:43,646 [INFO] LogOutputStream:76 - [STDOUT_REDIRECT] withoutVersionV1.8.3
2023-09-09 17:22:43,647 [INFO] LogOutputStream:76 - [STDOUT_REDIRECT] withoutVersionV1.8.2
2023-09-09 17:22:43,648 [INFO] LogOutputStream:76 - [STDOUT_REDIRECT] withoutVersionV1.8.1
2023-09-09 17:22:43,649 [INFO] LogOutputStream:76 - [STDOUT_REDIRECT] withoutVersionV1.8.0
2023-09-09 17:22:45,510 [INFO] ApiDb:226 - Save user favorites file C:\Users\Bahaa/.stm32cubeide/favorites.mcus.txt: 0 item(s)
2023-09-09 17:22:45,511 [INFO] ApiDb:230 - User favorites MCUs=[]
2023-09-10 18:01:59,468 [INFO] Activator:178 - 


2023-09-10 18:01:59,473 [INFO] Activator:179 - !SESSION log4j initialized
